c:\users\danie\desktop\game engine dev\random engine\debug\vc142.pdb
c:\users\danie\desktop\game engine dev\random engine\debug\vc142.idb
c:\users\danie\desktop\game engine dev\random engine\debug\resourcemanager.obj
c:\users\danie\desktop\game engine dev\random engine\debug\projectile.obj
c:\users\danie\desktop\game engine dev\random engine\debug\player.obj
c:\users\danie\desktop\game engine dev\random engine\debug\renderer.obj
c:\users\danie\desktop\game engine dev\random engine\debug\random engine.obj
c:\users\danie\desktop\game engine dev\random engine\debug\inputmanager.obj
c:\users\danie\desktop\game engine dev\random engine\debug\backgroundtile.obj
c:\users\danie\desktop\game engine dev\random engine\debug\aiagent.obj
c:\users\danie\desktop\game engine dev\random engine\debug\obstacle.obj
c:\users\danie\desktop\game engine dev\random engine\debug\imgui_widgets.obj
c:\users\danie\desktop\game engine dev\random engine\debug\imgui_draw.obj
c:\users\danie\desktop\game engine dev\random engine\debug\imgui.obj
c:\users\danie\desktop\game engine dev\random engine\debug\imgui-sfml.obj
c:\users\danie\desktop\game engine dev\random engine\debug\random engine.pch
c:\users\danie\desktop\game engine dev\random engine\debug\pch.obj
c:\users\danie\desktop\game engine dev\random engine\debug\editorgui.obj
c:\users\danie\desktop\game engine dev\random engine\debug\gui.obj
c:\users\danie\desktop\game engine dev\random engine\debug\random engine.exe
c:\users\danie\desktop\game engine dev\random engine\debug\random engine.ilk
c:\users\danie\desktop\game engine dev\random engine\debug\random engine.pdb
c:\users\danie\desktop\game engine dev\random engine\debug\random engine.tlog\cl.command.1.tlog
c:\users\danie\desktop\game engine dev\random engine\debug\random engine.tlog\cl.read.1.tlog
c:\users\danie\desktop\game engine dev\random engine\debug\random engine.tlog\cl.write.1.tlog
c:\users\danie\desktop\game engine dev\random engine\debug\random engine.tlog\link.command.1.tlog
c:\users\danie\desktop\game engine dev\random engine\debug\random engine.tlog\link.read.1.tlog
c:\users\danie\desktop\game engine dev\random engine\debug\random engine.tlog\link.write.1.tlog
